# JRE version: OpenJDK Runtime Environment (8.0_292-b10) (build 1.8.0_292-b10)
# Java VM: OpenJDK 64-Bit Server VM (25.292-b10 mixed mode windows-amd64 compressed oops)
Heap:
 PSYoungGen      total 122368K, used 69481K [0x00000000f5580000, 0x00000000ffe00000, 0x0000000100000000)
  eden space 109056K, 51% used [0x00000000f5580000,0x00000000f8c96ab0,0x00000000fc000000)
  from space 13312K, 98% used [0x00000000fc000000,0x00000000fccc3958,0x00000000fcd00000)
  to   space 31232K, 0% used [0x00000000fdf80000,0x00000000fdf80000,0x00000000ffe00000)
 ParOldGen       total 221184K, used 81946K [0x00000000e0000000, 0x00000000ed800000, 0x00000000f5580000)
  object space 221184K, 37% used [0x00000000e0000000,0x00000000e5006930,0x00000000ed800000)
 Metaspace       used 98368K, capacity 104812K, committed 104960K, reserved 1138688K
  class space    used 13465K, capacity 14733K, committed 14848K, reserved 1048576K
GC Heap History (10 events):
Event: 8362.626 GC heap before
{Heap before GC invocations=27 (full 3):
 PSYoungGen      total 143872K, used 143865K [0x00000000f5580000, 0x0000000100000000, 0x0000000100000000)
  eden space 115712K, 100% used [0x00000000f5580000,0x00000000fc680000,0x00000000fc680000)
  from space 28160K, 99% used [0x00000000fc900000,0x00000000fe47e530,0x00000000fe480000)
  to   space 28160K, 0% used [0x00000000fe480000,0x00000000fe480000,0x0000000100000000)
 ParOldGen       total 175104K, used 81571K [0x00000000e0000000, 0x00000000eab00000, 0x00000000f5580000)
  object space 175104K, 46% used [0x00000000e0000000,0x00000000e4fa8ca0,0x00000000eab00000)
 Metaspace       used 87736K, capacity 93238K, committed 93568K, reserved 1130496K
  class space    used 11782K, capacity 12857K, committed 12928K, reserved 1048576K
Event: 8362.655 GC heap after
Heap after GC invocations=27 (full 3):
 PSYoungGen      total 137216K, used 17815K [0x00000000f5580000, 0x0000000100000000, 0x0000000100000000)
  eden space 109056K, 0% used [0x00000000f5580000,0x00000000f5580000,0x00000000fc000000)
  from space 28160K, 63% used [0x00000000fe480000,0x00000000ff5e5d48,0x0000000100000000)
  to   space 32768K, 0% used [0x00000000fc000000,0x00000000fc000000,0x00000000fe000000)
 ParOldGen       total 175104K, used 102416K [0x00000000e0000000, 0x00000000eab00000, 0x00000000f5580000)
  object space 175104K, 58% used [0x00000000e0000000,0x00000000e64040f0,0x00000000eab00000)
 Metaspace       used 87736K, capacity 93238K, committed 93568K, reserved 1130496K
  class space    used 11782K, capacity 12857K, committed 12928K, reserved 1048576K
}
Event: 8364.691 GC heap before
{Heap before GC invocations=28 (full 3):
 PSYoungGen      total 137216K, used 126837K [0x00000000f5580000, 0x0000000100000000, 0x0000000100000000)
  eden space 109056K, 99% used [0x00000000f5580000,0x00000000fbff78f8,0x00000000fc000000)
  from space 28160K, 63% used [0x00000000fe480000,0x00000000ff5e5d48,0x0000000100000000)
  to   space 32768K, 0% used [0x00000000fc000000,0x00000000fc000000,0x00000000fe000000)
 ParOldGen       total 175104K, used 102416K [0x00000000e0000000, 0x00000000eab00000, 0x00000000f5580000)
  object space 175104K, 58% used [0x00000000e0000000,0x00000000e64040f0,0x00000000eab00000)
 Metaspace       used 91119K, capacity 96880K, committed 96896K, reserved 1132544K
  class space    used 12294K, capacity 13436K, committed 13440K, reserved 1048576K
Event: 8364.709 GC heap after
Heap after GC invocations=28 (full 3):
 PSYoungGen      total 141824K, used 17601K [0x00000000f5580000, 0x0000000100000000, 0x0000000100000000)
  eden space 109056K, 0% used [0x00000000f5580000,0x00000000f5580000,0x00000000fc000000)
  from space 32768K, 53% used [0x00000000fc000000,0x00000000fd130590,0x00000000fe000000)
  to   space 31744K, 0% used [0x00000000fe100000,0x00000000fe100000,0x0000000100000000)
 ParOldGen       total 175104K, used 106616K [0x00000000e0000000, 0x00000000eab00000, 0x00000000f5580000)
  object space 175104K, 60% used [0x00000000e0000000,0x00000000e681e218,0x00000000eab00000)
 Metaspace       used 91119K, capacity 96880K, committed 96896K, reserved 1132544K
  class space    used 12294K, capacity 13436K, committed 13440K, reserved 1048576K
}
Event: 8364.805 GC heap before
{Heap before GC invocations=29 (full 3):
 PSYoungGen      total 141824K, used 23165K [0x00000000f5580000, 0x0000000100000000, 0x0000000100000000)
  eden space 109056K, 5% used [0x00000000f5580000,0x00000000f5aeefd8,0x00000000fc000000)
  from space 32768K, 53% used [0x00000000fc000000,0x00000000fd130590,0x00000000fe000000)
  to   space 31744K, 0% used [0x00000000fe100000,0x00000000fe100000,0x0000000100000000)
 ParOldGen       total 175104K, used 106616K [0x00000000e0000000, 0x00000000eab00000, 0x00000000f5580000)
  object space 175104K, 60% used [0x00000000e0000000,0x00000000e681e218,0x00000000eab00000)
 Metaspace       used 92547K, capacity 98438K, committed 98560K, reserved 1134592K
  class space    used 12527K, capacity 13719K, committed 13824K, reserved 1048576K
Event: 8364.815 GC heap after
Heap after GC invocations=29 (full 3):
 PSYoungGen      total 140800K, used 1313K [0x00000000f5580000, 0x0000000100000000, 0x0000000100000000)
  eden space 109056K, 0% used [0x00000000f5580000,0x00000000f5580000,0x00000000fc000000)
  from space 31744K, 4% used [0x00000000fe100000,0x00000000fe248518,0x0000000100000000)
  to   space 32768K, 0% used [0x00000000fc000000,0x00000000fc000000,0x00000000fe000000)
 ParOldGen       total 175104K, used 115431K [0x00000000e0000000, 0x00000000eab00000, 0x00000000f5580000)
  object space 175104K, 65% used [0x00000000e0000000,0x00000000e70b9f48,0x00000000eab00000)
 Metaspace       used 92547K, capacity 98438K, committed 98560K, reserved 1134592K
  class space    used 12527K, capacity 13719K, committed 13824K, reserved 1048576K
}
Event: 8364.815 GC heap before
{Heap before GC invocations=30 (full 4):
 PSYoungGen      total 140800K, used 1313K [0x00000000f5580000, 0x0000000100000000, 0x0000000100000000)
  eden space 109056K, 0% used [0x00000000f5580000,0x00000000f5580000,0x00000000fc000000)
  from space 31744K, 4% used [0x00000000fe100000,0x00000000fe248518,0x0000000100000000)
  to   space 32768K, 0% used [0x00000000fc000000,0x00000000fc000000,0x00000000fe000000)
 ParOldGen       total 175104K, used 115431K [0x00000000e0000000, 0x00000000eab00000, 0x00000000f5580000)
  object space 175104K, 65% used [0x00000000e0000000,0x00000000e70b9f48,0x00000000eab00000)
 Metaspace       used 92547K, capacity 98438K, committed 98560K, reserved 1134592K
  class space    used 12527K, capacity 13719K, committed 13824K, reserved 1048576K
Event: 8365.159 GC heap after
Heap after GC invocations=30 (full 4):
 PSYoungGen      total 140800K, used 0K [0x00000000f5580000, 0x0000000100000000, 0x0000000100000000)
  eden space 109056K, 0% used [0x00000000f5580000,0x00000000f5580000,0x00000000fc000000)
  from space 31744K, 0% used [0x00000000fe100000,0x00000000fe100000,0x0000000100000000)
  to   space 32768K, 0% used [0x00000000fc000000,0x00000000fc000000,0x00000000fe000000)
 ParOldGen       total 221184K, used 81938K [0x00000000e0000000, 0x00000000ed800000, 0x00000000f5580000)
  object space 221184K, 37% used [0x00000000e0000000,0x00000000e5004930,0x00000000ed800000)
 Metaspace       used 92346K, capacity 98036K, committed 98560K, reserved 1134592K
  class space    used 12478K, capacity 13631K, committed 13824K, reserved 1048576K
}
Event: 8368.252 GC heap before
{Heap before GC invocations=31 (full 4):
 PSYoungGen      total 140800K, used 108929K [0x00000000f5580000, 0x0000000100000000, 0x0000000100000000)
  eden space 109056K, 99% used [0x00000000f5580000,0x00000000fbfe0690,0x00000000fc000000)
  from space 31744K, 0% used [0x00000000fe100000,0x00000000fe100000,0x0000000100000000)
  to   space 32768K, 0% used [0x00000000fc000000,0x00000000fc000000,0x00000000fe000000)
 ParOldGen       total 221184K, used 81938K [0x00000000e0000000, 0x00000000ed800000, 0x00000000f5580000)
  object space 221184K, 37% used [0x00000000e0000000,0x00000000e5004930,0x00000000ed800000)
 Metaspace       used 97980K, capacity 104258K, committed 104576K, reserved 1138688K
  class space    used 13407K, capacity 14622K, committed 14720K, reserved 1048576K
Event: 8368.262 GC heap after
Heap after GC invocations=31 (full 4):
 PSYoungGen      total 122368K, used 13070K [0x00000000f5580000, 0x00000000ffe00000, 0x0000000100000000)
  eden space 109056K, 0% used [0x00000000f5580000,0x00000000f5580000,0x00000000fc000000)
  from space 13312K, 98% used [0x00000000fc000000,0x00000000fccc3958,0x00000000fcd00000)
  to   space 31232K, 0% used [0x00000000fdf80000,0x00000000fdf80000,0x00000000ffe00000)
 ParOldGen       total 221184K, used 81946K [0x00000000e0000000, 0x00000000ed800000, 0x00000000f5580000)
  object space 221184K, 37% used [0x00000000e0000000,0x00000000e5006930,0x00000000ed800000)
 Metaspace       used 97980K, capacity 104258K, committed 104576K, reserved 1138688K
  class space    used 13407K, capacity 14622K, committed 14720K, reserved 1048576K
}

